2021-09-30 08:48:34:4834 [undefined] http: GET / 200 45 - 3.031 ms

2021-09-30 08:48:39:4839 [undefined] http: GET / 200 45 - 0.913 ms

2021-09-30 08:48:51:4851 [undefined] http: GET /mail/send 404 148 - 1.362 ms

2021-09-30 08:49:37:4937 [undefined] http: POST /mail/send 200 77 - 17.656 ms

2021-09-30 08:50:20:5020 [undefined] http: POST /mail/send 200 77 - 7.343 ms

2021-09-30 08:50:28:5028 [undefined] http: POST /mail/send 200 77 - 1.591 ms

2021-09-30 08:51:00:510 [undefined] http: POST /mail/send 200 77 - 20.291 ms

2021-09-30 08:59:13:5913 [undefined] http: POST /mail/send 200 80 - 15.790 ms

2021-09-30 08:59:15:5915 [undefined] http: POST /mail/send 200 80 - 2.114 ms

2021-09-30 08:59:35:5935 [undefined] http: POST /mail/send 200 80 - 14.047 ms

2021-09-30 09:07:54:754 [undefined] http: POST /mail/send 200 80 - 12.631 ms

2021-09-30 09:08:11:811 [undefined] http: POST /mail/send 200 80 - 21.125 ms

2021-09-30 09:11:13:1113 [undefined] http: POST /mail/send 200 80 - 12.068 ms

2021-09-30 09:11:15:1115 [undefined] http: POST /mail/send 200 80 - 1.658 ms

2021-09-30 09:11:16:1116 [undefined] http: POST /mail/send 200 80 - 1.560 ms

2021-09-30 11:01:38:138 [undefined] http: POST /correo/enviar 200 80 - 31.590 ms

2021-09-30 11:01:46:146 [undefined] http: POST /correo/enviar 200 80 - 1.769 ms

2021-09-30 11:13:53:1353 [undefined] http: POST /correo/enviar 200 80 - 1.505 ms

2021-09-30 11:19:18:1918 [undefined] http: POST /correo/enviar 200 80 - 14.010 ms

2021-09-30 11:23:13:2313 [undefined] http: POST /correo/enviar 200 80 - 14.425 ms

2021-09-30 11:25:57:2557 [undefined] http: POST /correo/enviar 200 80 - 16.373 ms

2021-09-30 11:26:56:2656 [undefined] http: POST /correo/enviar 200 80 - 15.993 ms

2021-09-30 11:32:27:3227 [undefined] http: POST /correo/enviar 200 80 - 12.741 ms

2021-09-30 11:33:12:3312 [undefined] http: POST /correo/enviar 200 80 - 12.555 ms

2021-09-30 11:33:30:3330 [undefined] http: POST /correo/enviar 200 80 - 19.419 ms

2021-09-30 11:34:17:3417 [undefined] http: POST /correo/enviar 200 80 - 27.216 ms

2021-09-30 11:37:20:3720 [undefined] http: POST /correo/enviar 200 80 - 20.903 ms

2021-09-30 11:37:46:3746 [undefined] http: POST /correo/enviar 200 80 - 17.259 ms

2021-09-30 11:38:10:3810 [undefined] http: POST /correo/enviar 200 80 - 18.369 ms

2021-09-30 11:38:47:3847 [undefined] http: POST /correo/enviar 200 80 - 35.650 ms

2021-09-30 11:40:02:402 [undefined] http: POST /correo/enviar 200 80 - 34.108 ms

2021-09-30 11:40:07:407 [undefined] http: POST /correo/enviar 200 80 - 6.106 ms

2021-09-30 11:41:43:4143 [undefined] http: POST /correo/enviar 200 80 - 38.859 ms

2021-09-30 12:42:31:4231 [undefined] http: GET /static/js/bundle.js.map 404 162 - 4.681 ms

2021-09-30 12:42:31:4231 [undefined] http: GET /static/js/vendors~main.chunk.js.map 404 174 - 1.049 ms

2021-09-30 12:42:31:4231 [undefined] http: GET /static/js/main.chunk.js.map 404 166 - 1.486 ms

2021-09-30 13:55:20:5520 [undefined] http: GET / 200 45 - 29.339 ms

2021-10-05 10:25:45:2545 [undefined] http: POST /correo/enviar 200 80 - 68.615 ms

2021-10-05 10:27:06:276 [undefined] http: POST /correo/enviar 200 80 - 49.529 ms

2021-10-05 10:27:44:2744 [undefined] http: POST /correo/enviar 200 80 - 22.892 ms

